<?xml version="1.0" encoding="UTF-8"?>
<testsuite name="Immunization.Schedule.demo.DemoApplicationTests" tests="1" skipped="0" failures="0" errors="0" timestamp="2024-06-05T23:56:40" hostname="LAPTOP-0HPHV4AU" time="0.421">
  <properties/>
  <testcase name="contextLoads()" classname="Immunization.Schedule.demo.DemoApplicationTests" time="0.421"/>
  <system-out><![CDATA[18:56:30.164 [Test worker] INFO org.springframework.test.context.support.AnnotationConfigContextLoaderUtils -- Could not detect default configuration classes for test class [Immunization.Schedule.demo.DemoApplicationTests]: DemoApplicationTests does not declare any static, non-private, non-final, nested classes annotated with @Configuration.
18:56:30.267 [Test worker] INFO org.springframework.boot.test.context.SpringBootTestContextBootstrapper -- Found @SpringBootConfiguration Immunization.Schedule.demo.DemoApplication for test class Immunization.Schedule.demo.DemoApplicationTests

  .   ____          _            __ _ _
 /\\ / ___'_ __ _ _(_)_ __  __ _ \ \ \ \
( ( )\___ | '_ | '_| | '_ \/ _` | \ \ \ \
 \\/  ___)| |_)| | | | | || (_| |  ) ) ) )
  '  |____| .__|_| |_|_| |_\__, | / / / /
 =========|_|==============|___/=/_/_/_/
 :: Spring Boot ::                (v3.2.3)

2024-06-05T18:56:30.638-05:00  INFO 4644 --- [demo] [    Test worker] I.Schedule.demo.DemoApplicationTests     : Starting DemoApplicationTests using Java 20 with PID 4644 (started by manue in C:\Users\manue\Desktop\Arquitectura\NuevoP\demo)
2024-06-05T18:56:30.640-05:00  INFO 4644 --- [demo] [    Test worker] I.Schedule.demo.DemoApplicationTests     : No active profile set, falling back to 1 default profile: "default"
2024-06-05T18:56:31.314-05:00  INFO 4644 --- [demo] [    Test worker] .s.d.r.c.RepositoryConfigurationDelegate : Bootstrapping Spring Data JPA repositories in DEFAULT mode.
2024-06-05T18:56:31.374-05:00  INFO 4644 --- [demo] [    Test worker] .s.d.r.c.RepositoryConfigurationDelegate : Finished Spring Data repository scanning in 50 ms. Found 1 JPA repository interface.
2024-06-05T18:56:31.867-05:00  INFO 4644 --- [demo] [    Test worker] o.hibernate.jpa.internal.util.LogHelper  : HHH000204: Processing PersistenceUnitInfo [name: default]
2024-06-05T18:56:31.927-05:00  INFO 4644 --- [demo] [    Test worker] org.hibernate.Version                    : HHH000412: Hibernate ORM core version 6.4.4.Final
2024-06-05T18:56:31.962-05:00  INFO 4644 --- [demo] [    Test worker] o.h.c.internal.RegionFactoryInitiator    : HHH000026: Second-level cache disabled
2024-06-05T18:56:32.199-05:00  INFO 4644 --- [demo] [    Test worker] o.s.o.j.p.SpringPersistenceUnitInfo      : No LoadTimeWeaver setup: ignoring JPA class transformer
2024-06-05T18:56:32.229-05:00  INFO 4644 --- [demo] [    Test worker] com.zaxxer.hikari.HikariDataSource       : HikariPool-1 - Starting...
2024-06-05T18:56:34.147-05:00  INFO 4644 --- [demo] [    Test worker] com.zaxxer.hikari.pool.HikariPool        : HikariPool-1 - Added connection org.postgresql.jdbc.PgConnection@11ad095c
2024-06-05T18:56:34.149-05:00  INFO 4644 --- [demo] [    Test worker] com.zaxxer.hikari.HikariDataSource       : HikariPool-1 - Start completed.
2024-06-05T18:56:34.310-05:00  WARN 4644 --- [demo] [    Test worker] org.hibernate.orm.deprecation            : HHH90000025: PostgreSQLDialect does not need to be specified explicitly using 'hibernate.dialect' (remove the property setting and it will be selected by default)
2024-06-05T18:56:35.481-05:00  INFO 4644 --- [demo] [    Test worker] o.h.e.t.j.p.i.JtaPlatformInitiator       : HHH000489: No JTA platform available (set 'hibernate.transaction.jta.platform' to enable JTA platform integration)
2024-06-05T18:56:39.761-05:00  INFO 4644 --- [demo] [    Test worker] j.LocalContainerEntityManagerFactoryBean : Initialized JPA EntityManagerFactory for persistence unit 'default'
2024-06-05T18:56:40.256-05:00  WARN 4644 --- [demo] [    Test worker] JpaBaseConfiguration$JpaWebConfiguration : spring.jpa.open-in-view is enabled by default. Therefore, database queries may be performed during view rendering. Explicitly configure spring.jpa.open-in-view to disable this warning
2024-06-05T18:56:40.689-05:00  INFO 4644 --- [demo] [    Test worker] I.Schedule.demo.DemoApplicationTests     : Started DemoApplicationTests in 10.264 seconds (process running for 11.391)
]]></system-out>
  <system-err><![CDATA[]]></system-err>
</testsuite>
